android/capacitor-cordova-android-plugins/build/intermediates/manifest_merge_blame_file/debug/manifest-merger-blame-debug-report.txt
1<?xml version="1.0" encoding="utf-8"?>
2<manifest xmlns:amazon="http://schemas.amazon.com/apk/res/android"
3    xmlns:android="http://schemas.android.com/apk/res/android"
4    package="capacitor.cordova.android.plugins" >
5
6    <uses-sdk android:minSdkVersion="22" />
6-->src/main/AndroidManifest.xml
7
8    <application>
8-->src/main/AndroidManifest.xml:4:1-6:15
9        <meta-data
9-->src/main/AndroidManifest.xml:5:1-68
10            android:name="android.max_aspect"
10-->src/main/AndroidManifest.xml:5:12-45
11            android:value="2.16" />
11-->src/main/AndroidManifest.xml:5:46-66
12    </application>
13
14</manifest>